<?xml version="1.0" encoding="UTF-8" ?>
<testsuite tests="0" failures="0" name="TestConnection" time="0" errors="0" skipped="0">
  <properties>
    <property name="java.runtime.name" value="Java(TM) SE Runtime Environment"/>
    <property name="sun.boot.library.path" value="C:\Program Files\Java\jdk1.8.0_91\jre\bin"/>
    <property name="java.vm.version" value="25.91-b15"/>
    <property name="java.vm.vendor" value="Oracle Corporation"/>
    <property name="java.vendor.url" value="http://java.oracle.com/"/>
    <property name="path.separator" value=";"/>
    <property name="java.vm.name" value="Java HotSpot(TM) 64-Bit Server VM"/>
    <property name="file.encoding.pkg" value="sun.io"/>
    <property name="user.script" value=""/>
    <property name="user.country" value="US"/>
    <property name="sun.java.launcher" value="SUN_STANDARD"/>
    <property name="sun.os.patch.level" value=""/>
    <property name="java.vm.specification.name" value="Java Virtual Machine Specification"/>
    <property name="user.dir" value="D:\Workspace\research_workspace\PKA_WebRepo"/>
    <property name="java.runtime.version" value="1.8.0_91-b15"/>
    <property name="java.awt.graphicsenv" value="sun.awt.Win32GraphicsEnvironment"/>
    <property name="basedir" value="D:\Workspace\research_workspace\PKA_WebRepo"/>
    <property name="java.endorsed.dirs" value="C:\Program Files\Java\jdk1.8.0_91\jre\lib\endorsed"/>
    <property name="os.arch" value="amd64"/>
    <property name="surefire.real.class.path" value="D:\Workspace\research_workspace\PKA_WebRepo\target\surefire\surefirebooter7756744796084762900.jar"/>
    <property name="java.io.tmpdir" value="C:\Users\pisit\AppData\Local\Temp\"/>
    <property name="line.separator" value="
"/>
    <property name="java.vm.specification.vendor" value="Oracle Corporation"/>
    <property name="user.variant" value=""/>
    <property name="os.name" value="Windows 10"/>
    <property name="sun.jnu.encoding" value="MS874"/>
    <property name="java.library.path" value="C:\Program Files\Java\jdk1.8.0_91\jre\bin;C:\Windows\Sun\Java\bin;C:\Windows\system32;C:\Windows;C:/Program Files/Java/jre1.8.0_91/bin/server;C:/Program Files/Java/jre1.8.0_91/bin;C:/Program Files/Java/jre1.8.0_91/lib/amd64;C:\ProgramData\Oracle\Java\javapath;C:\Program Files (x86)\Intel\iCLS Client\;C:\Program Files\Intel\iCLS Client\;C:\Windows\system32;C:\Windows;C:\Windows\System32\Wbem;C:\Windows\System32\WindowsPowerShell\v1.0\;C:\Program Files (x86)\Intel\Intel(R) Management Engine Components\DAL;C:\Program Files\Intel\Intel(R) Management Engine Components\DAL;C:\Program Files (x86)\Intel\Intel(R) Management Engine Components\IPT;C:\Program Files\Intel\Intel(R) Management Engine Components\IPT;C:\Program Files (x86)\NVIDIA Corporation\PhysX\Common;C:\Program Files\Intel\WiFi\bin\;C:\Program Files\Common Files\Intel\WirelessCommon\;C:\Program Files\Java\jdk1.7.0_55\bin;C:\Program Files\Git\cmd;C:\Users\pisit\AppData\Local\Microsoft\WindowsApps;;D:\Software Directory\eclipse-jee-juno-SR2-win32-x86_64\eclipse;;."/>
    <property name="surefire.test.class.path" value="D:\Workspace\research_workspace\PKA_WebRepo\target\test-classes;D:\Workspace\research_workspace\PKA_WebRepo\target\classes;D:\maven_repository\org\zkoss\zk\zkbind\7.0.0\zkbind-7.0.0.jar;D:\maven_repository\org\zkoss\zk\zul\7.0.0\zul-7.0.0.jar;D:\maven_repository\org\zkoss\zk\zk\7.0.0\zk-7.0.0.jar;D:\maven_repository\org\zkoss\common\zweb\7.0.0\zweb-7.0.0.jar;D:\maven_repository\org\zkoss\common\zcommon\7.0.0\zcommon-7.0.0.jar;D:\maven_repository\commons-fileupload\commons-fileupload\1.2.2\commons-fileupload-1.2.2.jar;D:\maven_repository\org\zkoss\common\zel\7.0.0\zel-7.0.0.jar;D:\maven_repository\org\beanshell\bsh\2.0b4\bsh-2.0b4.jar;D:\maven_repository\org\slf4j\slf4j-api\1.7.5\slf4j-api-1.7.5.jar;D:\maven_repository\org\slf4j\slf4j-jdk14\1.7.5\slf4j-jdk14-1.7.5.jar;D:\maven_repository\commons-codec\commons-codec\1.8\commons-codec-1.8.jar;D:\maven_repository\org\zkoss\zk\zkplus\7.0.0\zkplus-7.0.0.jar;D:\maven_repository\org\zkoss\zk\zhtml\7.0.0\zhtml-7.0.0.jar;D:\maven_repository\commons-io\commons-io\1.3.1\commons-io-1.3.1.jar;D:\maven_repository\org\apache\commons\commons-lang3\3.2.1\commons-lang3-3.2.1.jar;D:\maven_repository\commons-collections\commons-collections\3.2.1\commons-collections-3.2.1.jar;D:\maven_repository\org\apache\commons\commons-math3\3.2\commons-math3-3.2.jar;D:\maven_repository\log4j\log4j\1.2.17\log4j-1.2.17.jar;D:\maven_repository\commons-logging\commons-logging\1.1.3\commons-logging-1.1.3.jar;D:\maven_repository\org\hibernate\hibernate-core\4.2.8.Final\hibernate-core-4.2.8.Final.jar;D:\maven_repository\antlr\antlr\2.7.7\antlr-2.7.7.jar;D:\maven_repository\org\jboss\logging\jboss-logging\3.1.0.GA\jboss-logging-3.1.0.GA.jar;D:\maven_repository\dom4j\dom4j\1.6.1\dom4j-1.6.1.jar;D:\maven_repository\jaxme\jaxme-api\0.3\jaxme-api-0.3.jar;D:\maven_repository\jaxen\jaxen\1.1-beta-6\jaxen-1.1-beta-6.jar;D:\maven_repository\jdom\jdom\1.0\jdom-1.0.jar;D:\maven_repository\xerces\xmlParserAPIs\2.6.2\xmlParserAPIs-2.6.2.jar;D:\maven_repository\xerces\xercesImpl\2.6.2\xercesImpl-2.6.2.jar;D:\maven_repository\xom\xom\1.0b3\xom-1.0b3.jar;D:\maven_repository\com\ibm\icu\icu4j\2.6.1\icu4j-2.6.1.jar;D:\maven_repository\xalan\xalan\2.6.0\xalan-2.6.0.jar;D:\maven_repository\org\ccil\cowan\tagsoup\tagsoup\0.9.7\tagsoup-0.9.7.jar;D:\maven_repository\msv\xsdlib\20030807\xsdlib-20030807.jar;D:\maven_repository\msv\relaxngDatatype\20030807\relaxngDatatype-20030807.jar;D:\maven_repository\pull-parser\pull-parser\2\pull-parser-2.jar;D:\maven_repository\xpp3\xpp3\1.1.3.3\xpp3-1.1.3.3.jar;D:\maven_repository\stax\stax-api\1.0\stax-api-1.0.jar;D:\maven_repository\org\javassist\javassist\3.18.1-GA\javassist-3.18.1-GA.jar;D:\maven_repository\org\jboss\spec\javax\transaction\jboss-transaction-api_1.1_spec\1.0.1.Final\jboss-transaction-api_1.1_spec-1.0.1.Final.jar;D:\maven_repository\org\hibernate\javax\persistence\hibernate-jpa-2.0-api\1.0.1.Final\hibernate-jpa-2.0-api-1.0.1.Final.jar;D:\maven_repository\org\hibernate\common\hibernate-commons-annotations\4.0.2.Final\hibernate-commons-annotations-4.0.2.Final.jar;D:\maven_repository\org\hibernate\hibernate-entitymanager\4.2.8.Final\hibernate-entitymanager-4.2.8.Final.jar;D:\maven_repository\net\sourceforge\jtds\jtds\1.3.1\jtds-1.3.1.jar;D:\maven_repository\mysql\mysql-connector-java\5.1.6\mysql-connector-java-5.1.6.jar;D:\maven_repository\junit\junit\3.8.1\junit-3.8.1.jar;"/>
    <property name="java.specification.name" value="Java Platform API Specification"/>
    <property name="java.class.version" value="52.0"/>
    <property name="sun.management.compiler" value="HotSpot 64-Bit Tiered Compilers"/>
    <property name="os.version" value="10.0"/>
    <property name="user.home" value="C:\Users\pisit"/>
    <property name="user.timezone" value=""/>
    <property name="java.awt.printerjob" value="sun.awt.windows.WPrinterJob"/>
    <property name="java.specification.version" value="1.8"/>
    <property name="file.encoding" value="MS874"/>
    <property name="user.name" value="pisit"/>
    <property name="java.class.path" value="D:\Workspace\research_workspace\PKA_WebRepo\target\test-classes;D:\Workspace\research_workspace\PKA_WebRepo\target\classes;D:\maven_repository\org\zkoss\zk\zkbind\7.0.0\zkbind-7.0.0.jar;D:\maven_repository\org\zkoss\zk\zul\7.0.0\zul-7.0.0.jar;D:\maven_repository\org\zkoss\zk\zk\7.0.0\zk-7.0.0.jar;D:\maven_repository\org\zkoss\common\zweb\7.0.0\zweb-7.0.0.jar;D:\maven_repository\org\zkoss\common\zcommon\7.0.0\zcommon-7.0.0.jar;D:\maven_repository\commons-fileupload\commons-fileupload\1.2.2\commons-fileupload-1.2.2.jar;D:\maven_repository\org\zkoss\common\zel\7.0.0\zel-7.0.0.jar;D:\maven_repository\org\beanshell\bsh\2.0b4\bsh-2.0b4.jar;D:\maven_repository\org\slf4j\slf4j-api\1.7.5\slf4j-api-1.7.5.jar;D:\maven_repository\org\slf4j\slf4j-jdk14\1.7.5\slf4j-jdk14-1.7.5.jar;D:\maven_repository\commons-codec\commons-codec\1.8\commons-codec-1.8.jar;D:\maven_repository\org\zkoss\zk\zkplus\7.0.0\zkplus-7.0.0.jar;D:\maven_repository\org\zkoss\zk\zhtml\7.0.0\zhtml-7.0.0.jar;D:\maven_repository\commons-io\commons-io\1.3.1\commons-io-1.3.1.jar;D:\maven_repository\org\apache\commons\commons-lang3\3.2.1\commons-lang3-3.2.1.jar;D:\maven_repository\commons-collections\commons-collections\3.2.1\commons-collections-3.2.1.jar;D:\maven_repository\org\apache\commons\commons-math3\3.2\commons-math3-3.2.jar;D:\maven_repository\log4j\log4j\1.2.17\log4j-1.2.17.jar;D:\maven_repository\commons-logging\commons-logging\1.1.3\commons-logging-1.1.3.jar;D:\maven_repository\org\hibernate\hibernate-core\4.2.8.Final\hibernate-core-4.2.8.Final.jar;D:\maven_repository\antlr\antlr\2.7.7\antlr-2.7.7.jar;D:\maven_repository\org\jboss\logging\jboss-logging\3.1.0.GA\jboss-logging-3.1.0.GA.jar;D:\maven_repository\dom4j\dom4j\1.6.1\dom4j-1.6.1.jar;D:\maven_repository\jaxme\jaxme-api\0.3\jaxme-api-0.3.jar;D:\maven_repository\jaxen\jaxen\1.1-beta-6\jaxen-1.1-beta-6.jar;D:\maven_repository\jdom\jdom\1.0\jdom-1.0.jar;D:\maven_repository\xerces\xmlParserAPIs\2.6.2\xmlParserAPIs-2.6.2.jar;D:\maven_repository\xerces\xercesImpl\2.6.2\xercesImpl-2.6.2.jar;D:\maven_repository\xom\xom\1.0b3\xom-1.0b3.jar;D:\maven_repository\com\ibm\icu\icu4j\2.6.1\icu4j-2.6.1.jar;D:\maven_repository\xalan\xalan\2.6.0\xalan-2.6.0.jar;D:\maven_repository\org\ccil\cowan\tagsoup\tagsoup\0.9.7\tagsoup-0.9.7.jar;D:\maven_repository\msv\xsdlib\20030807\xsdlib-20030807.jar;D:\maven_repository\msv\relaxngDatatype\20030807\relaxngDatatype-20030807.jar;D:\maven_repository\pull-parser\pull-parser\2\pull-parser-2.jar;D:\maven_repository\xpp3\xpp3\1.1.3.3\xpp3-1.1.3.3.jar;D:\maven_repository\stax\stax-api\1.0\stax-api-1.0.jar;D:\maven_repository\org\javassist\javassist\3.18.1-GA\javassist-3.18.1-GA.jar;D:\maven_repository\org\jboss\spec\javax\transaction\jboss-transaction-api_1.1_spec\1.0.1.Final\jboss-transaction-api_1.1_spec-1.0.1.Final.jar;D:\maven_repository\org\hibernate\javax\persistence\hibernate-jpa-2.0-api\1.0.1.Final\hibernate-jpa-2.0-api-1.0.1.Final.jar;D:\maven_repository\org\hibernate\common\hibernate-commons-annotations\4.0.2.Final\hibernate-commons-annotations-4.0.2.Final.jar;D:\maven_repository\org\hibernate\hibernate-entitymanager\4.2.8.Final\hibernate-entitymanager-4.2.8.Final.jar;D:\maven_repository\net\sourceforge\jtds\jtds\1.3.1\jtds-1.3.1.jar;D:\maven_repository\mysql\mysql-connector-java\5.1.6\mysql-connector-java-5.1.6.jar;D:\maven_repository\junit\junit\3.8.1\junit-3.8.1.jar;"/>
    <property name="java.vm.specification.version" value="1.8"/>
    <property name="sun.arch.data.model" value="64"/>
    <property name="java.home" value="C:\Program Files\Java\jdk1.8.0_91\jre"/>
    <property name="sun.java.command" value="D:\Workspace\research_workspace\PKA_WebRepo\target\surefire\surefirebooter7756744796084762900.jar D:\Workspace\research_workspace\PKA_WebRepo\target\surefire\surefire9105201432066634479tmp D:\Workspace\research_workspace\PKA_WebRepo\target\surefire\surefire6417969212058127470tmp"/>
    <property name="java.specification.vendor" value="Oracle Corporation"/>
    <property name="user.language" value="en"/>
    <property name="awt.toolkit" value="sun.awt.windows.WToolkit"/>
    <property name="java.vm.info" value="mixed mode"/>
    <property name="java.version" value="1.8.0_91"/>
    <property name="java.ext.dirs" value="C:\Program Files\Java\jdk1.8.0_91\jre\lib\ext;C:\Windows\Sun\Java\lib\ext"/>
    <property name="sun.boot.class.path" value="C:\Program Files\Java\jdk1.8.0_91\jre\lib\resources.jar;C:\Program Files\Java\jdk1.8.0_91\jre\lib\rt.jar;C:\Program Files\Java\jdk1.8.0_91\jre\lib\sunrsasign.jar;C:\Program Files\Java\jdk1.8.0_91\jre\lib\jsse.jar;C:\Program Files\Java\jdk1.8.0_91\jre\lib\jce.jar;C:\Program Files\Java\jdk1.8.0_91\jre\lib\charsets.jar;C:\Program Files\Java\jdk1.8.0_91\jre\lib\jfr.jar;C:\Program Files\Java\jdk1.8.0_91\jre\classes"/>
    <property name="java.vendor" value="Oracle Corporation"/>
    <property name="localRepository" value="D:\maven_repository"/>
    <property name="file.separator" value="\"/>
    <property name="java.vendor.url.bug" value="http://bugreport.sun.com/bugreport/"/>
    <property name="sun.cpu.endian" value="little"/>
    <property name="sun.io.unicode.encoding" value="UnicodeLittle"/>
    <property name="sun.desktop" value="windows"/>
    <property name="sun.cpu.isalist" value="amd64"/>
  </properties>
</testsuite>